<?xml version="1.0" encoding="UTF-8"?>
<!-- Generated by org.testng.reporters.JUnitReportReporter -->
<testsuite hostname="DESKTOP-454KT78" failures="0" tests="7" name="testCases.CartPage_Test" time="117.309" errors="0" timestamp="2024-06-13T18:20:19 IST" skipped="0">
  <testcase classname="testCases.CartPage_Test" name="verifyShoppingCartPageTest" time="13.431"/>
  <system-out>
    <![CDATA[Shopping Cart Page Link is: https://www.saucedemo.com/cart.html]]>
  </system-out>
  <testcase classname="testCases.CartPage_Test" name="verifyCheckoutButtonTest" time="18.757"/>
  <system-out>
    <![CDATA[After clicking on Checkout Btn URL is : https://www.saucedemo.com/checkout-step-one.html]]>
  </system-out>
  <testcase classname="testCases.CartPage_Test" name="verifyLogoOfShoppingCartPageTest" time="30.821"/>
  <system-out>
    <![CDATA[Shopping Cart Page Logo is:Swag Labs]]>
  </system-out>
  <testcase classname="testCases.CartPage_Test" name="verifyShoppingCartPageTitleTest" time="14.654"/>
  <system-out>
    <![CDATA[Shopping Cart Page Title is: Your Cart]]>
  </system-out>
  <testcase classname="testCases.CartPage_Test" name="verifyCartDescLabelTest" time="13.089"/>
  <system-out>
    <![CDATA[Cart Description Label is:Description]]>
  </system-out>
  <testcase classname="testCases.CartPage_Test" name="verifyCartQuantityLabelTest" time="12.674"/>
  <system-out>
    <![CDATA[Cart Quantity Label is:QTY]]>
  </system-out>
  <testcase classname="testCases.CartPage_Test" name="verifyContinueShoppingBtnTest" time="13.883"/>
  <system-out>
    <![CDATA[After clicking on Continue Shopping Btn URL is : https://www.saucedemo.com/inventory.html]]>
  </system-out>
</testsuite> <!-- testCases.CartPage_Test -->
