<?xml version="1.0" encoding="UTF-8"?>
<!-- Generated by org.testng.reporters.JUnitReportReporter -->
<testsuite hostname="DESKTOP-454KT78" failures="0" tests="3" name="testCases.LoginPage_Test" time="19.692" errors="0" timestamp="2024-06-20T14:16:59 IST" skipped="0">
  <testcase classname="testCases.LoginPage_Test" name="loginToApplicationTest" time="7.687"/>
  <system-out>
    <![CDATA[Login Successful:https://www.saucedemo.com/inventory.html]]>
  </system-out>
  <testcase classname="testCases.LoginPage_Test" name="verifyTitleOfApplicationTest" time="8.238"/>
  <system-out>
    <![CDATA[Title of Application:Swag Labs]]>
  </system-out>
  <testcase classname="testCases.LoginPage_Test" name="verifyURLOFApplicationTest" time="3.767"/>
  <system-out>
    <![CDATA[URL of Application:https://www.saucedemo.com/]]>
  </system-out>
</testsuite> <!-- testCases.LoginPage_Test -->
