<?xml version="1.0" encoding="UTF-8"?>
<!-- Generated by org.testng.reporters.JUnitReportReporter -->
<testsuite hostname="DESKTOP-454KT78" failures="0" tests="3" name="testCases.Checkout_Step_One_Page_Test" time="29.662" errors="0" timestamp="2024-06-18T13:06:59 IST" skipped="0">
  <testcase classname="testCases.Checkout_Step_One_Page_Test" name="verifyEnterInformationTest" time="10.637"/>
  <system-out>
    <![CDATA[After clicking on Continue btn the URL is: https://www.saucedemo.com/checkout-step-two.html]]>
  </system-out>
  <testcase classname="testCases.Checkout_Step_One_Page_Test" name="verifyCheck1PageTitleTest" time="10.739"/>
  <system-out>
    <![CDATA[Check Step one Page T is:Checkout: Your Information]]>
  </system-out>
  <testcase classname="testCases.Checkout_Step_One_Page_Test" name="verifyCheck1PageLogoTest" time="8.286"/>
  <system-out>
    <![CDATA[Check Step one Page Logo is:Swag Labs]]>
  </system-out>
</testsuite> <!-- testCases.Checkout_Step_One_Page_Test -->
