<?xml version="1.0" encoding="UTF-8"?>
<!-- Generated by org.testng.reporters.JUnitReportReporter -->
<testsuite hostname="DESKTOP-454KT78" failures="0" tests="11" name="testCases.CheckoutStep_Two_Page_Test" time="136.653" errors="0" timestamp="2024-06-13T18:20:19 IST" skipped="0">
  <testcase classname="testCases.CheckoutStep_Two_Page_Test" name="verifyCheck2DescLabelTest" time="15.187"/>
  <system-out>
    <![CDATA[Check Step two Page Title is:Description]]>
  </system-out>
  <testcase classname="testCases.CheckoutStep_Two_Page_Test" name="verifyCheck2QtyLabelTest" time="14.737"/>
  <system-out>
    <![CDATA[Check Step two Page Title is:QTY]]>
  </system-out>
  <testcase classname="testCases.CheckoutStep_Two_Page_Test" name="verifyShippingInfoLabelTest" time="13.345"/>
  <system-out>
    <![CDATA[Shipping Information: Free Pony Express Delivery!]]>
  </system-out>
  <testcase classname="testCases.CheckoutStep_Two_Page_Test" name="verifyCheck2PageTitleTest" time="12.576"/>
  <system-out>
    <![CDATA[Check Step two Page Title is:Checkout: Overview]]>
  </system-out>
  <testcase classname="testCases.CheckoutStep_Two_Page_Test" name="verifyPaymentInfoLabelTest" time="12.287"/>
  <system-out>
    <![CDATA[Payment Information: SauceCard #31337]]>
  </system-out>
  <testcase classname="testCases.CheckoutStep_Two_Page_Test" name="verifyCheck2openMenuBtnTest" time="12.984"/>
  <system-out>
    <![CDATA[Check 2 Open Menu Btn is: true]]>
  </system-out>
  <testcase classname="testCases.CheckoutStep_Two_Page_Test" name="verifyTotalLableTest" time="10.021"/>
  <system-out>
    <![CDATA[Total: $140.34]]>
  </system-out>
  <testcase classname="testCases.CheckoutStep_Two_Page_Test" name="verifyFinishBtnTest" time="9.110"/>
  <system-out>
    <![CDATA[After clicking on checkout 2 Cancel Btn URL is: https://www.saucedemo.com/checkout-complete.html]]>
  </system-out>
  <testcase classname="testCases.CheckoutStep_Two_Page_Test" name="verifyPriceInfoLabelTest" time="15.058"/>
  <system-out>
    <![CDATA[Price Total: Item total: $129.94]]>
  </system-out>
  <testcase classname="testCases.CheckoutStep_Two_Page_Test" name="verifyCheck2PageLogoTest" time="9.986"/>
  <system-out>
    <![CDATA[Check Step two Page Logo is:Swag Labs]]>
  </system-out>
  <testcase classname="testCases.CheckoutStep_Two_Page_Test" name="verifyCheck2CancelBtnTest" time="11.362"/>
  <system-out>
    <![CDATA[After clicking on checkout 2 Cancel Btn URL is: https://www.saucedemo.com/inventory.html]]>
  </system-out>
</testsuite> <!-- testCases.CheckoutStep_Two_Page_Test -->
