<?xml version="1.0" encoding="UTF-8"?>
<!-- Generated by org.testng.reporters.JUnitReportReporter -->
<testsuite hostname="DESKTOP-454KT78" failures="0" tests="8" name="testCases.Checkout_Complete_page_Test" time="90.216" errors="0" timestamp="2024-06-13T18:20:19 IST" skipped="0">
  <testcase classname="testCases.Checkout_Complete_page_Test" name="verifyBackHomeBtnTest" time="9.356"/>
  <system-out>
    <![CDATA[Back Home URL is: https://www.saucedemo.com/inventory.html]]>
  </system-out>
  <testcase classname="testCases.Checkout_Complete_page_Test" name="verifyCompleteTextTest" time="9.816"/>
  <system-out>
    <![CDATA[Complete Text is: Your order has been dispatched, and will arrive just as fast as the pony can get there!]]>
  </system-out>
  <testcase classname="testCases.Checkout_Complete_page_Test" name="verifyCompletePageLogoTest" time="13.013"/>
  <system-out>
    <![CDATA[Complete Page Logo is:Swag Labs]]>
  </system-out>
  <testcase classname="testCases.Checkout_Complete_page_Test" name="verifyCartIconTest" time="8.724"/>
  <system-out>
    <![CDATA[After Clicking on Cart Icon the URL is:https://www.saucedemo.com/cart.html]]>
  </system-out>
  <testcase classname="testCases.Checkout_Complete_page_Test" name="verifyCompletePageTitleTest" time="12.812"/>
  <system-out>
    <![CDATA[Complete Page Title is:Checkout: Complete!]]>
  </system-out>
  <testcase classname="testCases.Checkout_Complete_page_Test" name="verifyCompletePageMenuBtnTest" time="11.583"/>
  <system-out>
    <![CDATA[Complete Page Open Menu Btn is present: true]]>
  </system-out>
  <testcase classname="testCases.Checkout_Complete_page_Test" name="verifyCompleteImgTest" time="11.183"/>
  <system-out>
    <![CDATA[Complete Page Img is present: true]]>
  </system-out>
  <testcase classname="testCases.Checkout_Complete_page_Test" name="verifyThankuhforYourOrderTextTest" time="13.729"/>
  <system-out>
    <![CDATA[Text is:Thank you for your order!]]>
  </system-out>
</testsuite> <!-- testCases.Checkout_Complete_page_Test -->
